

C:\SASLAB\recordings\Molesworth\
05/13/08 20:28:23 Monitoring started
05/13/08 20:28:23 USVB0000001.WAV 2.6 s
05/13/08 20:28:27 USVB0000002.WAV 4.8 s
05/13/08 20:28:36 USVB0000003.WAV 49.8 s
05/13/08 20:29:42 Monitoring stopped

C:\SASLAB\recordings\Molesworth\
05/13/08 20:30:43 Monitoring started
05/13/08 20:30:46 USVB0000004.WAV 17.2 s
05/13/08 20:31:11 Monitoring stopped

C:\SASLAB\recordings\Molesworth\
05/13/08 20:32:10 Monitoring started
05/13/08 20:32:11 Monitoring stopped

C:\SASLAB\recordings\Molesworth\
05/13/08 20:32:12 Monitoring started
05/13/08 20:32:14 Monitoring stopped

C:\SASLAB\recordings\Molesworth\
05/13/08 20:37:26 Monitoring started
05/13/08 20:38:05 Monitoring stopped

C:\SASLAB\recordings\Molesworth\
05/13/08 20:38:52 Monitoring started
05/13/08 20:46:59 Monitoring stopped

C:\SASLAB\recordings\Molesworth\
05/13/08 20:47:01 Monitoring started
05/13/08 20:47:07 Monitoring stopped

C:\SASLAB\recordings\Molesworth\
05/13/08 20:50:49 Monitoring started
05/13/08 21:06:03 USVB0000005.WAV 60.1 s
05/13/08 21:06:58 USVB0000006.WAV 60.0 s
05/13/08 21:07:58 USVB0000007.WAV 60.0 s
05/13/08 21:08:58 USVB0000008.WAV 60.0 s
05/13/08 21:09:59 USVB0000009.WAV 60.0 s
05/13/08 21:10:59 USVB0000010.WAV 60.0 s
05/13/08 21:11:59 USVB0000011.WAV 60.0 s
05/13/08 21:13:00 USVB0000012.WAV 60.0 s
05/13/08 21:14:00 USVB0000013.WAV 22.3 s
05/13/08 21:15:22 USVB0000014.WAV 60.1 s
05/13/08 21:16:17 USVB0000015.WAV 34.3 s
05/13/08 21:17:26 USVB0000016.WAV 60.1 s
05/13/08 21:18:21 USVB0000017.WAV 24.6 s
05/13/08 21:18:46 Monitoring stopped